2023-09-02 04:55:16,697 - root - INFO - Lang 1b
2023-09-02 04:55:16,710 - root - INFO - {'/src/main/java/org/apache/commons/lang3/math/NumberUtils.java': [93, 94, 96]}
2023-09-02 04:55:23,043 - root - INFO - Lang 1b success!
2023-09-02 04:55:23,076 - root - INFO - Lang 3b
2023-09-02 04:55:23,088 - root - INFO - {'/src/main/java/org/apache/commons/lang3/math/NumberUtils.java': [174, 175, 176, 179, 180, 181]}
2023-09-02 04:55:29,588 - root - INFO - Lang 3b success!
2023-09-02 04:55:29,620 - root - INFO - Lang 4b
2023-09-02 04:55:29,630 - root - INFO - {'/src/main/java/org/apache/commons/lang3/text/translate/LookupTranslator.java': [6, 10, 15, 30]}
2023-09-02 04:55:29,902 - root - INFO - Lang 4b success!
2023-09-02 04:55:29,904 - root - INFO - Lang 5b
2023-09-02 04:55:29,928 - root - INFO - {'/src/main/java/org/apache/commons/lang3/LocaleUtils.java': [25, 26, 27, 28, 29, 30, 31, 32, 33, 34, 35, 36, 37, 38, 39, 40, 41, 42, 43, 44, 45, 46]}
2023-09-02 04:55:30,897 - root - INFO - Lang 5b success!
2023-09-02 04:55:30,902 - root - INFO - Lang 6b
2023-09-02 04:55:30,910 - root - INFO - {'/src/main/java/org/apache/commons/lang3/text/translate/CharSequenceTranslator.java': [32]}
2023-09-02 04:55:31,140 - root - INFO - Lang 6b success!
2023-09-02 04:55:31,142 - root - INFO - Lang 7b
2023-09-02 04:55:31,169 - root - INFO - {'/src/main/java/org/apache/commons/lang3/math/NumberUtils.java': [85, 86, 211]}
2023-09-02 04:55:37,397 - root - INFO - Lang 7b success!
2023-09-02 04:55:37,428 - root - INFO - Lang 8b
2023-09-02 04:55:37,441 - root - INFO - {'/src/main/java/org/apache/commons/lang3/time/FastDatePrinter.java': [452, 458, 466]}
2023-09-02 04:55:41,260 - root - INFO - Lang 8b success!
2023-09-02 04:55:41,280 - root - INFO - Lang 9b
2023-09-02 04:55:41,298 - root - INFO - {'/src/main/java/org/apache/commons/lang3/time/FastDateParser.java': [63]}
2023-09-02 04:55:43,305 - root - INFO - Lang 9b success!
2023-09-02 04:55:43,315 - root - INFO - Lang 10b
2023-09-02 04:55:43,327 - root - INFO - {'/src/main/java/org/apache/commons/lang3/time/FastDateParser.java': [126, 129, 130, 131, 132, 133, 134]}
2023-09-02 04:55:45,392 - root - INFO - Lang 10b success!
2023-09-02 04:55:45,403 - root - INFO - Lang 11b
2023-09-02 04:55:45,419 - root - INFO - {'/src/main/java/org/apache/commons/lang3/RandomStringUtils.java': [39]}
2023-09-02 04:55:46,647 - root - INFO - Lang 11b success!
2023-09-02 04:55:46,653 - root - INFO - Lang 12b
2023-09-02 04:55:46,659 - root - INFO - {'/src/main/java/org/apache/commons/lang3/RandomStringUtils.java': [28, 29, 30, 32, 33]}
2023-09-02 04:55:47,812 - root - INFO - Lang 12b success!
2023-09-02 04:55:47,818 - root - INFO - Lang 13b
2023-09-02 04:55:47,826 - root - INFO - {'/src/main/java/org/apache/commons/lang3/SerializationUtils.java': [80, 87]}
2023-09-02 04:55:47,968 - root - INFO - Lang 13b success!
2023-09-02 04:55:47,969 - root - INFO - Lang 15b
2023-09-02 04:55:47,983 - root - INFO - {'/src/main/java/org/apache/commons/lang3/reflect/TypeUtils.java': [70, 71, 72, 224]}
2023-09-02 05:04:46,467 - root - INFO - Lang 15b success!
2023-09-02 05:04:46,475 - root - INFO - Lang 16b
2023-09-02 05:04:46,488 - root - INFO - {'/src/main/java/org/apache/commons/lang3/math/NumberUtils.java': [87]}
2023-09-02 05:32:49,238 - root - INFO - Lang 16b success!
2023-09-02 05:32:49,267 - root - INFO - Lang 17b
2023-09-02 05:32:49,276 - root - INFO - {'/src/main/java/org/apache/commons/lang3/text/translate/CharSequenceTranslator.java': [23, 28, 29, 30, 31, 32, 33, 34, 35, 36]}
2023-09-02 05:40:38,560 - root - INFO - Lang 17b success!
2023-09-02 05:40:38,561 - root - INFO - Lang 18b
2023-09-02 05:40:38,580 - root - INFO - {'/src/main/java/org/apache/commons/lang3/time/FastDateFormat.java': [117, 118, 119, 121]}
2023-09-02 08:40:53,457 - root - INFO - Lang 18b success!
2023-09-02 08:40:53,791 - root - INFO - Lang 19b
2023-09-02 08:40:53,829 - root - INFO - {'/src/main/java/org/apache/commons/lang3/text/translate/NumericEntityUnescaper.java': [8, 14, 16, 33]}
2023-09-02 09:10:42,022 - root - INFO - Lang 19b success!
2023-09-02 09:10:42,048 - root - INFO - Lang 20b
2023-09-02 09:10:42,070 - root - INFO - {'/src/main/java/org/apache/commons/lang3/StringUtils.java': [726, 745]}
